app/build/intermediates/manifest_merge_blame_file/release/manifest-merger-blame-release-report.txt
1<?xml version="1.0" encoding="utf-8"?>
2<manifest xmlns:android="http://schemas.android.com/apk/res/android"
3    package="com.folony"
4    android:versionCode="7"
5    android:versionName="1.1.1" >
6
7    <uses-sdk
8        android:minSdkVersion="21"
8-->src\main\AndroidManifest.xml
9        android:targetSdkVersion="33" />
9-->src\main\AndroidManifest.xml
10
11    <uses-permission android:name="android.permission.INTERNET" />
11-->src\main\AndroidManifest.xml:3:5-67
11-->src\main\AndroidManifest.xml:3:22-64
12    <uses-permission android:name="android.permission.CAMERA" />
12-->src\main\AndroidManifest.xml:4:5-65
12-->src\main\AndroidManifest.xml:4:22-62
13    <!-- Define ACCESS_FINE_LOCATION if you will use enableHighAccuracy=true -->
14    <uses-permission android:name="android.permission.ACCESS_FINE_LOCATION" />
14-->src\main\AndroidManifest.xml:6:1-74
14-->src\main\AndroidManifest.xml:6:18-72
15    <!-- Define ACCESS_COARSE_LOCATION if you will use enableHighAccuracy=false -->
16    <uses-permission android:name="android.permission.ACCESS_COARSE_LOCATION" />
16-->src\main\AndroidManifest.xml:8:1-76
16-->src\main\AndroidManifest.xml:8:18-74
17    <uses-permission
17-->src\main\AndroidManifest.xml:9:2-10:30
18        android:name="android.permission.READ_EXTERNAL_STORAGE"
18-->src\main\AndroidManifest.xml:9:19-74
19        android:maxSdkVersion="32" />
19-->src\main\AndroidManifest.xml:10:2-28
20    <uses-permission
20-->src\main\AndroidManifest.xml:11:2-12:30
21        android:name="android.permission.WRITE_EXTERNAL_STORAGE"
21-->src\main\AndroidManifest.xml:11:19-75
22        android:maxSdkVersion="32" />
22-->src\main\AndroidManifest.xml:12:2-28
23    <uses-permission android:name="android.permission.READ_MEDIA_IMAGES" />
23-->src\main\AndroidManifest.xml:13:3-74
23-->src\main\AndroidManifest.xml:13:20-71
24    <uses-permission android:name="android.permission.POST_NOTIFICATIONS" />
24-->src\main\AndroidManifest.xml:14:3-74
24-->src\main\AndroidManifest.xml:14:20-72
25
26    <uses-feature
26-->[:react-native-camera] AndroidManifest.xml:11:5-13:36
27        android:name="android.hardware.camera"
27-->[:react-native-camera] AndroidManifest.xml:12:9-47
28        android:required="false" />
28-->[:react-native-camera] AndroidManifest.xml:13:9-33
29    <uses-feature
29-->[:react-native-camera] AndroidManifest.xml:14:5-16:36
30        android:name="android.hardware.camera.autofocus"
30-->[:react-native-camera] AndroidManifest.xml:15:9-57
31        android:required="false" /> <!-- Required to access Google Play Licensing -->
31-->[:react-native-camera] AndroidManifest.xml:16:9-33
32    <uses-permission android:name="com.android.vending.CHECK_LICENSE" />
32-->[:rn-fetch-blob] AndroidManifest.xml:10:5-73
32-->[:rn-fetch-blob] AndroidManifest.xml:10:22-70
33    <!--
34         Required to keep CPU alive while downloading files
35        (NOT to keep screen awake)
36    -->
37    <uses-permission android:name="android.permission.WAKE_LOCK" />
37-->[:rn-fetch-blob] AndroidManifest.xml:19:5-68
37-->[:rn-fetch-blob] AndroidManifest.xml:19:22-65
38    <!--
39         Required to poll the state of the network connection
40        and respond to changes
41    -->
42    <uses-permission android:name="android.permission.ACCESS_NETWORK_STATE" /> <!-- Required to check whether Wi-Fi is enabled -->
42-->[:rn-fetch-blob] AndroidManifest.xml:25:5-79
42-->[:rn-fetch-blob] AndroidManifest.xml:25:22-76
43    <uses-permission android:name="android.permission.ACCESS_WIFI_STATE" /> <!-- Required by older versions of Google Play services to create IID tokens -->
43-->[:rn-fetch-blob] AndroidManifest.xml:28:5-76
43-->[:rn-fetch-blob] AndroidManifest.xml:28:22-73
44    <uses-permission android:name="com.google.android.c2dm.permission.RECEIVE" />
44-->[com.google.android.gms:play-services-iid:17.0.0] AndroidManifest.xml:23:5-82
44-->[com.google.android.gms:play-services-iid:17.0.0] AndroidManifest.xml:23:22-79
45    <uses-permission android:name="com.google.android.finsky.permission.BIND_GET_INSTALL_REFERRER_SERVICE" />
45-->[com.android.installreferrer:installreferrer:1.1.2] AndroidManifest.xml:9:5-110
45-->[com.android.installreferrer:installreferrer:1.1.2] AndroidManifest.xml:9:22-107
46
47    <application
47-->src\main\AndroidManifest.xml:15:5-35:19
48        android:name="com.folony.MainApplication"
48-->src\main\AndroidManifest.xml:16:7-38
49        android:allowBackup="false"
49-->src\main\AndroidManifest.xml:20:7-34
50        android:appComponentFactory="androidx.core.app.CoreComponentFactory"
50-->[androidx.core:core:1.7.0] AndroidManifest.xml:24:18-86
51        android:icon="@mipmap/ic_launcher"
51-->src\main\AndroidManifest.xml:18:7-41
52        android:label="@string/app_name"
52-->src\main\AndroidManifest.xml:17:7-39
53        android:roundIcon="@mipmap/ic_launcher_round"
53-->src\main\AndroidManifest.xml:19:7-52
54        android:theme="@style/AppTheme" >
54-->src\main\AndroidManifest.xml:21:7-38
55        <activity
55-->src\main\AndroidManifest.xml:22:7-34:18
56            android:name="com.folony.MainActivity"
56-->src\main\AndroidManifest.xml:23:9-37
57            android:configChanges="keyboard|keyboardHidden|orientation|screenLayout|screenSize|smallestScreenSize|uiMode"
57-->src\main\AndroidManifest.xml:25:9-118
58            android:exported="true"
58-->src\main\AndroidManifest.xml:29:9-32
59            android:label="@string/app_name"
59-->src\main\AndroidManifest.xml:24:9-41
60            android:launchMode="singleTask"
60-->src\main\AndroidManifest.xml:26:9-40
61            android:screenOrientation="portrait"
61-->src\main\AndroidManifest.xml:27:9-45
62            android:windowSoftInputMode="adjustResize" >
62-->src\main\AndroidManifest.xml:28:9-51
63            <intent-filter>
63-->src\main\AndroidManifest.xml:30:9-33:25
64                <action android:name="android.intent.action.MAIN" />
64-->src\main\AndroidManifest.xml:31:13-65
64-->src\main\AndroidManifest.xml:31:21-62
65
66                <category android:name="android.intent.category.LAUNCHER" />
66-->src\main\AndroidManifest.xml:32:13-73
66-->src\main\AndroidManifest.xml:32:23-70
67            </intent-filter>
68        </activity>
69
70        <provider
70-->[:react-native-image-picker] AndroidManifest.xml:10:9-18:20
71            android:name="com.imagepicker.ImagePickerProvider"
71-->[:react-native-image-picker] AndroidManifest.xml:11:13-63
72            android:authorities="com.folony.imagepickerprovider"
72-->[:react-native-image-picker] AndroidManifest.xml:12:13-71
73            android:exported="false"
73-->[:react-native-image-picker] AndroidManifest.xml:13:13-37
74            android:grantUriPermissions="true" >
74-->[:react-native-image-picker] AndroidManifest.xml:14:13-47
75            <meta-data
75-->[:react-native-image-picker] AndroidManifest.xml:15:13-17:70
76                android:name="android.support.FILE_PROVIDER_PATHS"
76-->[:react-native-image-picker] AndroidManifest.xml:16:17-67
77                android:resource="@xml/imagepicker_provider_paths" />
77-->[:react-native-image-picker] AndroidManifest.xml:17:17-67
78        </provider>
79        <provider
79-->[:rn-fetch-blob] AndroidManifest.xml:34:9-42:20
80            android:name="com.RNFetchBlob.Utils.FileProvider"
80-->[:rn-fetch-blob] AndroidManifest.xml:35:13-62
81            android:authorities="com.folony.provider"
81-->[:rn-fetch-blob] AndroidManifest.xml:36:13-60
82            android:exported="false"
82-->[:rn-fetch-blob] AndroidManifest.xml:37:13-37
83            android:grantUriPermissions="true" >
83-->[:rn-fetch-blob] AndroidManifest.xml:38:13-47
84            <meta-data
84-->[:react-native-image-picker] AndroidManifest.xml:15:13-17:70
85                android:name="android.support.FILE_PROVIDER_PATHS"
85-->[:react-native-image-picker] AndroidManifest.xml:16:17-67
86                android:resource="@xml/provider_paths" />
86-->[:react-native-image-picker] AndroidManifest.xml:17:17-67
87        </provider>
88
89        <service
89-->[com.google.android.gms:play-services-mlkit-barcode-scanning:16.2.0] AndroidManifest.xml:9:9-15:19
90            android:name="com.google.mlkit.common.internal.MlKitComponentDiscoveryService"
90-->[com.google.android.gms:play-services-mlkit-barcode-scanning:16.2.0] AndroidManifest.xml:10:13-91
91            android:directBootAware="true"
91-->[com.google.mlkit:common:17.2.0] AndroidManifest.xml:17:13-43
92            android:exported="false" >
92-->[com.google.android.gms:play-services-mlkit-barcode-scanning:16.2.0] AndroidManifest.xml:11:13-37
93            <meta-data
93-->[com.google.android.gms:play-services-mlkit-barcode-scanning:16.2.0] AndroidManifest.xml:12:13-14:85
94                android:name="com.google.firebase.components:com.google.mlkit.vision.barcode.internal.BarcodeRegistrar"
94-->[com.google.android.gms:play-services-mlkit-barcode-scanning:16.2.0] AndroidManifest.xml:13:17-120
95                android:value="com.google.firebase.components.ComponentRegistrar" />
95-->[com.google.android.gms:play-services-mlkit-barcode-scanning:16.2.0] AndroidManifest.xml:14:17-82
96            <meta-data
96-->[com.google.android.gms:play-services-mlkit-face-detection:16.2.0] AndroidManifest.xml:12:13-14:85
97                android:name="com.google.firebase.components:com.google.mlkit.vision.face.internal.FaceRegistrar"
97-->[com.google.android.gms:play-services-mlkit-face-detection:16.2.0] AndroidManifest.xml:13:17-114
98                android:value="com.google.firebase.components.ComponentRegistrar" />
98-->[com.google.android.gms:play-services-mlkit-face-detection:16.2.0] AndroidManifest.xml:14:17-82
99            <meta-data
99-->[com.google.android.gms:play-services-mlkit-text-recognition:16.3.0] AndroidManifest.xml:12:13-14:85
100                android:name="com.google.firebase.components:com.google.mlkit.vision.text.internal.TextRegistrar"
100-->[com.google.android.gms:play-services-mlkit-text-recognition:16.3.0] AndroidManifest.xml:13:17-114
101                android:value="com.google.firebase.components.ComponentRegistrar" />
101-->[com.google.android.gms:play-services-mlkit-text-recognition:16.3.0] AndroidManifest.xml:14:17-82
102            <meta-data
102-->[com.google.mlkit:vision-common:16.5.0] AndroidManifest.xml:12:13-14:85
103                android:name="com.google.firebase.components:com.google.mlkit.vision.common.internal.VisionCommonRegistrar"
103-->[com.google.mlkit:vision-common:16.5.0] AndroidManifest.xml:13:17-124
104                android:value="com.google.firebase.components.ComponentRegistrar" />
104-->[com.google.mlkit:vision-common:16.5.0] AndroidManifest.xml:14:17-82
105            <meta-data
105-->[com.google.mlkit:common:17.2.0] AndroidManifest.xml:20:13-22:85
106                android:name="com.google.firebase.components:com.google.mlkit.common.internal.CommonComponentRegistrar"
106-->[com.google.mlkit:common:17.2.0] AndroidManifest.xml:21:17-120
107                android:value="com.google.firebase.components.ComponentRegistrar" />
107-->[com.google.mlkit:common:17.2.0] AndroidManifest.xml:22:17-82
108        </service>
109
110        <provider
110-->[com.google.mlkit:common:17.2.0] AndroidManifest.xml:9:9-13:38
111            android:name="com.google.mlkit.common.internal.MlKitInitProvider"
111-->[com.google.mlkit:common:17.2.0] AndroidManifest.xml:10:13-78
112            android:authorities="com.folony.mlkitinitprovider"
112-->[com.google.mlkit:common:17.2.0] AndroidManifest.xml:11:13-69
113            android:exported="false"
113-->[com.google.mlkit:common:17.2.0] AndroidManifest.xml:12:13-37
114            android:initOrder="99" />
114-->[com.google.mlkit:common:17.2.0] AndroidManifest.xml:13:13-35
115
116        <activity
116-->[com.google.android.gms:play-services-base:17.6.0] AndroidManifest.xml:23:9-26:75
117            android:name="com.google.android.gms.common.api.GoogleApiActivity"
117-->[com.google.android.gms:play-services-base:17.6.0] AndroidManifest.xml:24:13-79
118            android:exported="false"
118-->[com.google.android.gms:play-services-base:17.6.0] AndroidManifest.xml:25:13-37
119            android:theme="@android:style/Theme.Translucent.NoTitleBar" />
119-->[com.google.android.gms:play-services-base:17.6.0] AndroidManifest.xml:26:13-72
120
121        <meta-data
121-->[com.google.android.gms:play-services-basement:17.6.0] AndroidManifest.xml:23:9-25:69
122            android:name="com.google.android.gms.version"
122-->[com.google.android.gms:play-services-basement:17.6.0] AndroidManifest.xml:24:13-58
123            android:value="@integer/google_play_services_version" />
123-->[com.google.android.gms:play-services-basement:17.6.0] AndroidManifest.xml:25:13-66
124
125        <provider
125-->[androidx.emoji2:emoji2:1.0.0] AndroidManifest.xml:26:9-34:20
126            android:name="androidx.startup.InitializationProvider"
126-->[androidx.emoji2:emoji2:1.0.0] AndroidManifest.xml:27:13-67
127            android:authorities="com.folony.androidx-startup"
127-->[androidx.emoji2:emoji2:1.0.0] AndroidManifest.xml:28:13-68
128            android:exported="false" >
128-->[androidx.emoji2:emoji2:1.0.0] AndroidManifest.xml:29:13-37
129            <meta-data
129-->[androidx.emoji2:emoji2:1.0.0] AndroidManifest.xml:31:13-33:52
130                android:name="androidx.emoji2.text.EmojiCompatInitializer"
130-->[androidx.emoji2:emoji2:1.0.0] AndroidManifest.xml:32:17-75
131                android:value="androidx.startup" />
131-->[androidx.emoji2:emoji2:1.0.0] AndroidManifest.xml:33:17-49
132            <meta-data
132-->[androidx.lifecycle:lifecycle-process:2.4.0] AndroidManifest.xml:31:13-33:52
133                android:name="androidx.lifecycle.ProcessLifecycleInitializer"
133-->[androidx.lifecycle:lifecycle-process:2.4.0] AndroidManifest.xml:32:17-78
134                android:value="androidx.startup" />
134-->[androidx.lifecycle:lifecycle-process:2.4.0] AndroidManifest.xml:33:17-49
135        </provider>
136
137        <service
137-->[com.google.android.datatransport:transport-backend-cct:2.3.3] AndroidManifest.xml:29:9-35:19
138            android:name="com.google.android.datatransport.runtime.backends.TransportBackendDiscovery"
138-->[com.google.android.datatransport:transport-backend-cct:2.3.3] AndroidManifest.xml:30:13-103
139            android:exported="false" >
139-->[com.google.android.datatransport:transport-backend-cct:2.3.3] AndroidManifest.xml:31:13-37
140            <meta-data
140-->[com.google.android.datatransport:transport-backend-cct:2.3.3] AndroidManifest.xml:32:13-34:39
141                android:name="backend:com.google.android.datatransport.cct.CctBackendFactory"
141-->[com.google.android.datatransport:transport-backend-cct:2.3.3] AndroidManifest.xml:33:17-94
142                android:value="cct" />
142-->[com.google.android.datatransport:transport-backend-cct:2.3.3] AndroidManifest.xml:34:17-36
143        </service>
144        <service
144-->[com.google.android.datatransport:transport-runtime:2.2.6] AndroidManifest.xml:26:9-30:19
145            android:name="com.google.android.datatransport.runtime.scheduling.jobscheduling.JobInfoSchedulerService"
145-->[com.google.android.datatransport:transport-runtime:2.2.6] AndroidManifest.xml:27:13-117
146            android:exported="false"
146-->[com.google.android.datatransport:transport-runtime:2.2.6] AndroidManifest.xml:28:13-37
147            android:permission="android.permission.BIND_JOB_SERVICE" >
147-->[com.google.android.datatransport:transport-runtime:2.2.6] AndroidManifest.xml:29:13-69
148        </service>
149
150        <receiver
150-->[com.google.android.datatransport:transport-runtime:2.2.6] AndroidManifest.xml:32:9-34:40
151            android:name="com.google.android.datatransport.runtime.scheduling.jobscheduling.AlarmManagerSchedulerBroadcastReceiver"
151-->[com.google.android.datatransport:transport-runtime:2.2.6] AndroidManifest.xml:33:13-132
152            android:exported="false" />
152-->[com.google.android.datatransport:transport-runtime:2.2.6] AndroidManifest.xml:34:13-37
153    </application>
154
155</manifest>